<?xml version="1.0" encoding="UTF-8"?>
<testsuite name="threesolid.TestWorker" tests="1" skipped="0" failures="0" errors="0" timestamp="2018-10-25T23:22:59" hostname="Brians-MacBook-Pro.local" time="0.024">
  <properties/>
  <testcase name="testWorkMethod()" classname="threesolid.TestWorker" time="0.024"/>
  <system-out><![CDATA[]]></system-out>
  <system-err><![CDATA[]]></system-err>
</testsuite>
